# JRE version: OpenJDK Runtime Environment Temurin-21.0.9+10 (21.0.9+10) (build 21.0.9+10-LTS)
# Java VM: OpenJDK 64-Bit Server VM Temurin-21.0.9+10 (21.0.9+10-LTS, mixed mode, sharing, tiered, compressed oops, compressed class ptrs, parallel gc, windows-amd64)
GC Precious Log:
 CardTable entry size: 512
 CPUs: 6 total, 6 available
 Memory: 16229M
 Large Page Support: Disabled
 NUMA Support: Disabled
 Compressed Oops: Enabled (32-bit)
 Alignments: Space 512K, Generation 512K, Heap 2M
 Heap Min Capacity: 100M
 Heap Initial Capacity: 100M
 Heap Max Capacity: 2G
 Pre-touch: Disabled
 Parallel Workers: 6
Heap:
 PSYoungGen      total 16896K, used 10217K [0x00000000d5580000, 0x00000000d6800000, 0x0000000100000000)
  eden space 15872K, 58% used [0x00000000d5580000,0x00000000d5e8afc8,0x00000000d6500000)
  from space 1024K, 93% used [0x00000000d6700000,0x00000000d67ef6d0,0x00000000d6800000)
  to   space 1536K, 0% used [0x00000000d6500000,0x00000000d6500000,0x00000000d6680000)
 ParOldGen       total 68608K, used 50157K [0x0000000080000000, 0x0000000084300000, 0x00000000d5580000)
  object space 68608K, 73% used [0x0000000080000000,0x00000000830fb5f8,0x0000000084300000)
 Metaspace       used 61640K, committed 62720K, reserved 1114112K
  class space    used 6599K, committed 7040K, reserved 1048576K
GC Heap History (20 events):
Event: 60.591 GC heap before
{Heap before GC invocations=48 (full 2):
 PSYoungGen      total 19456K, used 19296K [0x00000000d5580000, 0x00000000d6980000, 0x0000000100000000)
  eden space 18944K, 100% used [0x00000000d5580000,0x00000000d6800000,0x00000000d6800000)
  from space 512K, 68% used [0x00000000d6800000,0x00000000d6858288,0x00000000d6880000)
  to   space 512K, 0% used [0x00000000d6900000,0x00000000d6900000,0x00000000d6980000)
 ParOldGen       total 68608K, used 60895K [0x0000000080000000, 0x0000000084300000, 0x00000000d5580000)
  object space 68608K, 88% used [0x0000000080000000,0x0000000083b77ca8,0x0000000084300000)
 Metaspace       used 57234K, committed 58496K, reserved 1114112K
  class space    used 6193K, committed 6720K, reserved 1048576K
}
Event: 60.592 GC heap after
{Heap after GC invocations=48 (full 2):
 PSYoungGen      total 19456K, used 335K [0x00000000d5580000, 0x00000000d6980000, 0x0000000100000000)
  eden space 18944K, 0% used [0x00000000d5580000,0x00000000d5580000,0x00000000d6800000)
  from space 512K, 65% used [0x00000000d6900000,0x00000000d6953e10,0x00000000d6980000)
  to   space 512K, 0% used [0x00000000d6800000,0x00000000d6800000,0x00000000d6880000)
 ParOldGen       total 68608K, used 60943K [0x0000000080000000, 0x0000000084300000, 0x00000000d5580000)
  object space 68608K, 88% used [0x0000000080000000,0x0000000083b83ca8,0x0000000084300000)
 Metaspace       used 57234K, committed 58496K, reserved 1114112K
  class space    used 6193K, committed 6720K, reserved 1048576K
}
Event: 62.834 GC heap before
{Heap before GC invocations=49 (full 2):
 PSYoungGen      total 19456K, used 19279K [0x00000000d5580000, 0x00000000d6980000, 0x0000000100000000)
  eden space 18944K, 100% used [0x00000000d5580000,0x00000000d6800000,0x00000000d6800000)
  from space 512K, 65% used [0x00000000d6900000,0x00000000d6953e10,0x00000000d6980000)
  to   space 512K, 0% used [0x00000000d6800000,0x00000000d6800000,0x00000000d6880000)
 ParOldGen       total 68608K, used 60943K [0x0000000080000000, 0x0000000084300000, 0x00000000d5580000)
  object space 68608K, 88% used [0x0000000080000000,0x0000000083b83ca8,0x0000000084300000)
 Metaspace       used 57287K, committed 58560K, reserved 1114112K
  class space    used 6197K, committed 6720K, reserved 1048576K
}
Event: 62.835 GC heap after
{Heap after GC invocations=49 (full 2):
 PSYoungGen      total 19456K, used 288K [0x00000000d5580000, 0x00000000d6980000, 0x0000000100000000)
  eden space 18944K, 0% used [0x00000000d5580000,0x00000000d5580000,0x00000000d6800000)
  from space 512K, 56% used [0x00000000d6800000,0x00000000d6848000,0x00000000d6880000)
  to   space 512K, 0% used [0x00000000d6900000,0x00000000d6900000,0x00000000d6980000)
 ParOldGen       total 68608K, used 61007K [0x0000000080000000, 0x0000000084300000, 0x00000000d5580000)
  object space 68608K, 88% used [0x0000000080000000,0x0000000083b93ca8,0x0000000084300000)
 Metaspace       used 57287K, committed 58560K, reserved 1114112K
  class space    used 6197K, committed 6720K, reserved 1048576K
}
Event: 63.151 GC heap before
{Heap before GC invocations=50 (full 2):
 PSYoungGen      total 19456K, used 19232K [0x00000000d5580000, 0x00000000d6980000, 0x0000000100000000)
  eden space 18944K, 100% used [0x00000000d5580000,0x00000000d6800000,0x00000000d6800000)
  from space 512K, 56% used [0x00000000d6800000,0x00000000d6848000,0x00000000d6880000)
  to   space 512K, 0% used [0x00000000d6900000,0x00000000d6900000,0x00000000d6980000)
 ParOldGen       total 68608K, used 61007K [0x0000000080000000, 0x0000000084300000, 0x00000000d5580000)
  object space 68608K, 88% used [0x0000000080000000,0x0000000083b93ca8,0x0000000084300000)
 Metaspace       used 57508K, committed 58816K, reserved 1114112K
  class space    used 6218K, committed 6784K, reserved 1048576K
}
Event: 63.152 GC heap after
{Heap after GC invocations=50 (full 2):
 PSYoungGen      total 18944K, used 506K [0x00000000d5580000, 0x00000000d6b00000, 0x0000000100000000)
  eden space 18432K, 0% used [0x00000000d5580000,0x00000000d5580000,0x00000000d6780000)
  from space 512K, 98% used [0x00000000d6900000,0x00000000d697eb20,0x00000000d6980000)
  to   space 1536K, 0% used [0x00000000d6780000,0x00000000d6780000,0x00000000d6900000)
 ParOldGen       total 68608K, used 61435K [0x0000000080000000, 0x0000000084300000, 0x00000000d5580000)
  object space 68608K, 89% used [0x0000000080000000,0x0000000083bfef50,0x0000000084300000)
 Metaspace       used 57508K, committed 58816K, reserved 1114112K
  class space    used 6218K, committed 6784K, reserved 1048576K
}
Event: 63.222 GC heap before
{Heap before GC invocations=51 (full 2):
 PSYoungGen      total 18944K, used 18938K [0x00000000d5580000, 0x00000000d6b00000, 0x0000000100000000)
  eden space 18432K, 100% used [0x00000000d5580000,0x00000000d6780000,0x00000000d6780000)
  from space 512K, 98% used [0x00000000d6900000,0x00000000d697eb20,0x00000000d6980000)
  to   space 1536K, 0% used [0x00000000d6780000,0x00000000d6780000,0x00000000d6900000)
 ParOldGen       total 68608K, used 61435K [0x0000000080000000, 0x0000000084300000, 0x00000000d5580000)
  object space 68608K, 89% used [0x0000000080000000,0x0000000083bfef50,0x0000000084300000)
 Metaspace       used 57513K, committed 58816K, reserved 1114112K
  class space    used 6218K, committed 6784K, reserved 1048576K
}
Event: 63.223 GC heap after
{Heap after GC invocations=51 (full 2):
 PSYoungGen      total 19456K, used 623K [0x00000000d5580000, 0x00000000d6980000, 0x0000000100000000)
  eden space 18432K, 0% used [0x00000000d5580000,0x00000000d5580000,0x00000000d6780000)
  from space 1024K, 60% used [0x00000000d6780000,0x00000000d681bcc8,0x00000000d6880000)
  to   space 1024K, 0% used [0x00000000d6880000,0x00000000d6880000,0x00000000d6980000)
 ParOldGen       total 68608K, used 61594K [0x0000000080000000, 0x0000000084300000, 0x00000000d5580000)
  object space 68608K, 89% used [0x0000000080000000,0x0000000083c26900,0x0000000084300000)
 Metaspace       used 57513K, committed 58816K, reserved 1114112K
  class space    used 6218K, committed 6784K, reserved 1048576K
}
Event: 5696.447 GC heap before
{Heap before GC invocations=52 (full 2):
 PSYoungGen      total 19456K, used 19055K [0x00000000d5580000, 0x00000000d6980000, 0x0000000100000000)
  eden space 18432K, 100% used [0x00000000d5580000,0x00000000d6780000,0x00000000d6780000)
  from space 1024K, 60% used [0x00000000d6780000,0x00000000d681bcc8,0x00000000d6880000)
  to   space 1024K, 0% used [0x00000000d6880000,0x00000000d6880000,0x00000000d6980000)
 ParOldGen       total 68608K, used 61594K [0x0000000080000000, 0x0000000084300000, 0x00000000d5580000)
  object space 68608K, 89% used [0x0000000080000000,0x0000000083c26900,0x0000000084300000)
 Metaspace       used 57936K, committed 59264K, reserved 1114112K
  class space    used 6253K, committed 6784K, reserved 1048576K
}
Event: 5696.472 GC heap after
{Heap after GC invocations=52 (full 2):
 PSYoungGen      total 18944K, used 288K [0x00000000d5580000, 0x00000000d6900000, 0x0000000100000000)
  eden space 18432K, 0% used [0x00000000d5580000,0x00000000d5580000,0x00000000d6780000)
  from space 512K, 56% used [0x00000000d6880000,0x00000000d68c8000,0x00000000d6900000)
  to   space 512K, 0% used [0x00000000d6800000,0x00000000d6800000,0x00000000d6880000)
 ParOldGen       total 68608K, used 62002K [0x0000000080000000, 0x0000000084300000, 0x00000000d5580000)
  object space 68608K, 90% used [0x0000000080000000,0x0000000083c8c900,0x0000000084300000)
 Metaspace       used 57936K, committed 59264K, reserved 1114112K
  class space    used 6253K, committed 6784K, reserved 1048576K
}
Event: 7610.125 GC heap before
{Heap before GC invocations=53 (full 2):
 PSYoungGen      total 18944K, used 7241K [0x00000000d5580000, 0x00000000d6900000, 0x0000000100000000)
  eden space 18432K, 37% used [0x00000000d5580000,0x00000000d5c4a570,0x00000000d6780000)
  from space 512K, 56% used [0x00000000d6880000,0x00000000d68c8000,0x00000000d6900000)
  to   space 512K, 0% used [0x00000000d6800000,0x00000000d6800000,0x00000000d6880000)
 ParOldGen       total 68608K, used 62002K [0x0000000080000000, 0x0000000084300000, 0x00000000d5580000)
  object space 68608K, 90% used [0x0000000080000000,0x0000000083c8c900,0x0000000084300000)
 Metaspace       used 58477K, committed 59776K, reserved 1114112K
  class space    used 6309K, committed 6848K, reserved 1048576K
}
Event: 7610.128 GC heap after
{Heap after GC invocations=53 (full 2):
 PSYoungGen      total 18944K, used 364K [0x00000000d5580000, 0x00000000d6900000, 0x0000000100000000)
  eden space 18432K, 0% used [0x00000000d5580000,0x00000000d5580000,0x00000000d6780000)
  from space 512K, 71% used [0x00000000d6800000,0x00000000d685b390,0x00000000d6880000)
  to   space 512K, 0% used [0x00000000d6880000,0x00000000d6880000,0x00000000d6900000)
 ParOldGen       total 68608K, used 62186K [0x0000000080000000, 0x0000000084300000, 0x00000000d5580000)
  object space 68608K, 90% used [0x0000000080000000,0x0000000083cba900,0x0000000084300000)
 Metaspace       used 58477K, committed 59776K, reserved 1114112K
  class space    used 6309K, committed 6848K, reserved 1048576K
}
Event: 7610.128 GC heap before
{Heap before GC invocations=54 (full 3):
 PSYoungGen      total 18944K, used 364K [0x00000000d5580000, 0x00000000d6900000, 0x0000000100000000)
  eden space 18432K, 0% used [0x00000000d5580000,0x00000000d5580000,0x00000000d6780000)
  from space 512K, 71% used [0x00000000d6800000,0x00000000d685b390,0x00000000d6880000)
  to   space 512K, 0% used [0x00000000d6880000,0x00000000d6880000,0x00000000d6900000)
 ParOldGen       total 68608K, used 62186K [0x0000000080000000, 0x0000000084300000, 0x00000000d5580000)
  object space 68608K, 90% used [0x0000000080000000,0x0000000083cba900,0x0000000084300000)
 Metaspace       used 58477K, committed 59776K, reserved 1114112K
  class space    used 6309K, committed 6848K, reserved 1048576K
}
Event: 7610.376 GC heap after
{Heap after GC invocations=54 (full 3):
 PSYoungGen      total 18944K, used 0K [0x00000000d5580000, 0x00000000d6900000, 0x0000000100000000)
  eden space 18432K, 0% used [0x00000000d5580000,0x00000000d5580000,0x00000000d6780000)
  from space 512K, 0% used [0x00000000d6800000,0x00000000d6800000,0x00000000d6880000)
  to   space 512K, 0% used [0x00000000d6880000,0x00000000d6880000,0x00000000d6900000)
 ParOldGen       total 68608K, used 47320K [0x0000000080000000, 0x0000000084300000, 0x00000000d5580000)
  object space 68608K, 68% used [0x0000000080000000,0x0000000082e36390,0x0000000084300000)
 Metaspace       used 58060K, committed 59776K, reserved 1114112K
  class space    used 6205K, committed 6848K, reserved 1048576K
}
Event: 7610.581 GC heap before
{Heap before GC invocations=55 (full 3):
 PSYoungGen      total 18944K, used 18429K [0x00000000d5580000, 0x00000000d6900000, 0x0000000100000000)
  eden space 18432K, 99% used [0x00000000d5580000,0x00000000d677f4f8,0x00000000d6780000)
  from space 512K, 0% used [0x00000000d6800000,0x00000000d6800000,0x00000000d6880000)
  to   space 512K, 0% used [0x00000000d6880000,0x00000000d6880000,0x00000000d6900000)
 ParOldGen       total 68608K, used 47320K [0x0000000080000000, 0x0000000084300000, 0x00000000d5580000)
  object space 68608K, 68% used [0x0000000080000000,0x0000000082e36390,0x0000000084300000)
 Metaspace       used 59865K, committed 61056K, reserved 1114112K
  class space    used 6429K, committed 6976K, reserved 1048576K
}
Event: 7610.582 GC heap after
{Heap after GC invocations=55 (full 3):
 PSYoungGen      total 16384K, used 504K [0x00000000d5580000, 0x00000000d6e80000, 0x0000000100000000)
  eden space 15872K, 0% used [0x00000000d5580000,0x00000000d5580000,0x00000000d6500000)
  from space 512K, 98% used [0x00000000d6880000,0x00000000d68fe308,0x00000000d6900000)
  to   space 3584K, 0% used [0x00000000d6500000,0x00000000d6500000,0x00000000d6880000)
 ParOldGen       total 68608K, used 49506K [0x0000000080000000, 0x0000000084300000, 0x00000000d5580000)
  object space 68608K, 72% used [0x0000000080000000,0x0000000083058998,0x0000000084300000)
 Metaspace       used 59865K, committed 61056K, reserved 1114112K
  class space    used 6429K, committed 6976K, reserved 1048576K
}
Event: 7610.626 GC heap before
{Heap before GC invocations=56 (full 3):
 PSYoungGen      total 16384K, used 16376K [0x00000000d5580000, 0x00000000d6e80000, 0x0000000100000000)
  eden space 15872K, 100% used [0x00000000d5580000,0x00000000d6500000,0x00000000d6500000)
  from space 512K, 98% used [0x00000000d6880000,0x00000000d68fe308,0x00000000d6900000)
  to   space 3584K, 0% used [0x00000000d6500000,0x00000000d6500000,0x00000000d6880000)
 ParOldGen       total 68608K, used 49506K [0x0000000080000000, 0x0000000084300000, 0x00000000d5580000)
  object space 68608K, 72% used [0x0000000080000000,0x0000000083058998,0x0000000084300000)
 Metaspace       used 60086K, committed 61248K, reserved 1114112K
  class space    used 6462K, committed 6976K, reserved 1048576K
}
Event: 7610.627 GC heap after
{Heap after GC invocations=56 (full 3):
 PSYoungGen      total 17408K, used 1182K [0x00000000d5580000, 0x00000000d6900000, 0x0000000100000000)
  eden space 15872K, 0% used [0x00000000d5580000,0x00000000d5580000,0x00000000d6500000)
  from space 1536K, 76% used [0x00000000d6500000,0x00000000d66279c8,0x00000000d6680000)
  to   space 2048K, 0% used [0x00000000d6700000,0x00000000d6700000,0x00000000d6900000)
 ParOldGen       total 68608K, used 50029K [0x0000000080000000, 0x0000000084300000, 0x00000000d5580000)
  object space 68608K, 72% used [0x0000000080000000,0x00000000830db5d8,0x0000000084300000)
 Metaspace       used 60086K, committed 61248K, reserved 1114112K
  class space    used 6462K, committed 6976K, reserved 1048576K
}
Event: 7610.652 GC heap before
{Heap before GC invocations=57 (full 3):
 PSYoungGen      total 17408K, used 16923K [0x00000000d5580000, 0x00000000d6900000, 0x0000000100000000)
  eden space 15872K, 99% used [0x00000000d5580000,0x00000000d64df2d8,0x00000000d6500000)
  from space 1536K, 76% used [0x00000000d6500000,0x00000000d66279c8,0x00000000d6680000)
  to   space 2048K, 0% used [0x00000000d6700000,0x00000000d6700000,0x00000000d6900000)
 ParOldGen       total 68608K, used 50029K [0x0000000080000000, 0x0000000084300000, 0x00000000d5580000)
  object space 68608K, 72% used [0x0000000080000000,0x00000000830db5d8,0x0000000084300000)
 Metaspace       used 60090K, committed 61248K, reserved 1114112K
  class space    used 6462K, committed 6976K, reserved 1048576K
}
Event: 7610.653 GC heap after
{Heap after GC invocations=57 (full 3):
 PSYoungGen      total 16896K, used 957K [0x00000000d5580000, 0x00000000d6800000, 0x0000000100000000)
  eden space 15872K, 0% used [0x00000000d5580000,0x00000000d5580000,0x00000000d6500000)
  from space 1024K, 93% used [0x00000000d6700000,0x00000000d67ef6d0,0x00000000d6800000)
  to   space 1536K, 0% used [0x00000000d6500000,0x00000000d6500000,0x00000000d6680000)
 ParOldGen       total 68608K, used 50157K [0x0000000080000000, 0x0000000084300000, 0x00000000d5580000)
  object space 68608K, 73% used [0x0000000080000000,0x00000000830fb5f8,0x0000000084300000)
 Metaspace       used 60090K, committed 61248K, reserved 1114112K
  class space    used 6462K, committed 6976K, reserved 1048576K
}

