# JRE version: OpenJDK Runtime Environment Temurin-21.0.9+10 (21.0.9+10) (build 21.0.9+10-LTS)
# Java VM: OpenJDK 64-Bit Server VM Temurin-21.0.9+10 (21.0.9+10-LTS, mixed mode, sharing, tiered, compressed oops, compressed class ptrs, parallel gc, windows-amd64)
GC Precious Log:
 CardTable entry size: 512
 CPUs: 6 total, 6 available
 Memory: 16229M
 Large Page Support: Disabled
 NUMA Support: Disabled
 Compressed Oops: Enabled (32-bit)
 Alignments: Space 512K, Generation 512K, Heap 2M
 Heap Min Capacity: 100M
 Heap Initial Capacity: 100M
 Heap Max Capacity: 2G
 Pre-touch: Disabled
 Parallel Workers: 6
Heap:
 PSYoungGen      total 16896K, used 10614K [0x00000000d5580000, 0x00000000d6800000, 0x0000000100000000)
  eden space 14848K, 60% used [0x00000000d5580000,0x00000000d5e4d8c8,0x00000000d6400000)
  from space 2048K, 78% used [0x00000000d6400000,0x00000000d6590000,0x00000000d6600000)
  to   space 2048K, 0% used [0x00000000d6600000,0x00000000d6600000,0x00000000d6800000)
 ParOldGen       total 68608K, used 54977K [0x0000000080000000, 0x0000000084300000, 0x00000000d5580000)
  object space 68608K, 80% used [0x0000000080000000,0x00000000835b07f8,0x0000000084300000)
 Metaspace       used 55808K, committed 57216K, reserved 1114112K
  class space    used 6074K, committed 6656K, reserved 1048576K
GC Heap History (20 events):
Event: 54.739 GC heap before
{Heap before GC invocations=28 (full 2):
 PSYoungGen      total 16896K, used 16064K [0x00000000d5580000, 0x00000000d6a00000, 0x0000000100000000)
  eden space 15872K, 100% used [0x00000000d5580000,0x00000000d6500000,0x00000000d6500000)
  from space 1024K, 18% used [0x00000000d6800000,0x00000000d6830000,0x00000000d6900000)
  to   space 512K, 0% used [0x00000000d6980000,0x00000000d6980000,0x00000000d6a00000)
 ParOldGen       total 68608K, used 39722K [0x0000000080000000, 0x0000000084300000, 0x00000000d5580000)
  object space 68608K, 57% used [0x0000000080000000,0x00000000826ca950,0x0000000084300000)
 Metaspace       used 52704K, committed 53952K, reserved 1114112K
  class space    used 5764K, committed 6336K, reserved 1048576K
}
Event: 54.740 GC heap after
{Heap after GC invocations=28 (full 2):
 PSYoungGen      total 16384K, used 481K [0x00000000d5580000, 0x00000000d6b00000, 0x0000000100000000)
  eden space 15872K, 0% used [0x00000000d5580000,0x00000000d5580000,0x00000000d6500000)
  from space 512K, 93% used [0x00000000d6980000,0x00000000d69f8428,0x00000000d6a00000)
  to   space 3072K, 0% used [0x00000000d6500000,0x00000000d6500000,0x00000000d6800000)
 ParOldGen       total 68608K, used 41824K [0x0000000080000000, 0x0000000084300000, 0x00000000d5580000)
  object space 68608K, 60% used [0x0000000080000000,0x00000000828d8008,0x0000000084300000)
 Metaspace       used 52704K, committed 53952K, reserved 1114112K
  class space    used 5764K, committed 6336K, reserved 1048576K
}
Event: 55.016 GC heap before
{Heap before GC invocations=29 (full 2):
 PSYoungGen      total 16384K, used 16353K [0x00000000d5580000, 0x00000000d6b00000, 0x0000000100000000)
  eden space 15872K, 100% used [0x00000000d5580000,0x00000000d6500000,0x00000000d6500000)
  from space 512K, 93% used [0x00000000d6980000,0x00000000d69f8428,0x00000000d6a00000)
  to   space 3072K, 0% used [0x00000000d6500000,0x00000000d6500000,0x00000000d6800000)
 ParOldGen       total 68608K, used 41824K [0x0000000080000000, 0x0000000084300000, 0x00000000d5580000)
  object space 68608K, 60% used [0x0000000080000000,0x00000000828d8008,0x0000000084300000)
 Metaspace       used 54169K, committed 55488K, reserved 1114112K
  class space    used 5895K, committed 6464K, reserved 1048576K
}
Event: 55.018 GC heap after
{Heap after GC invocations=29 (full 2):
 PSYoungGen      total 18944K, used 1552K [0x00000000d5580000, 0x00000000d6a00000, 0x0000000100000000)
  eden space 15872K, 0% used [0x00000000d5580000,0x00000000d5580000,0x00000000d6500000)
  from space 3072K, 50% used [0x00000000d6500000,0x00000000d6684060,0x00000000d6800000)
  to   space 2048K, 0% used [0x00000000d6800000,0x00000000d6800000,0x00000000d6a00000)
 ParOldGen       total 68608K, used 42045K [0x0000000080000000, 0x0000000084300000, 0x00000000d5580000)
  object space 68608K, 61% used [0x0000000080000000,0x000000008290f438,0x0000000084300000)
 Metaspace       used 54169K, committed 55488K, reserved 1114112K
  class space    used 5895K, committed 6464K, reserved 1048576K
}
Event: 55.066 GC heap before
{Heap before GC invocations=30 (full 2):
 PSYoungGen      total 18944K, used 17424K [0x00000000d5580000, 0x00000000d6a00000, 0x0000000100000000)
  eden space 15872K, 100% used [0x00000000d5580000,0x00000000d6500000,0x00000000d6500000)
  from space 3072K, 50% used [0x00000000d6500000,0x00000000d6684060,0x00000000d6800000)
  to   space 2048K, 0% used [0x00000000d6800000,0x00000000d6800000,0x00000000d6a00000)
 ParOldGen       total 68608K, used 42045K [0x0000000080000000, 0x0000000084300000, 0x00000000d5580000)
  object space 68608K, 61% used [0x0000000080000000,0x000000008290f438,0x0000000084300000)
 Metaspace       used 54179K, committed 55488K, reserved 1114112K
  class space    used 5895K, committed 6464K, reserved 1048576K
}
Event: 55.070 GC heap after
{Heap after GC invocations=30 (full 2):
 PSYoungGen      total 17920K, used 1792K [0x00000000d5580000, 0x00000000d6a00000, 0x0000000100000000)
  eden space 15872K, 0% used [0x00000000d5580000,0x00000000d5580000,0x00000000d6500000)
  from space 2048K, 87% used [0x00000000d6800000,0x00000000d69c0010,0x00000000d6a00000)
  to   space 2048K, 0% used [0x00000000d6600000,0x00000000d6600000,0x00000000d6800000)
 ParOldGen       total 68608K, used 43503K [0x0000000080000000, 0x0000000084300000, 0x00000000d5580000)
  object space 68608K, 63% used [0x0000000080000000,0x0000000082a7be38,0x0000000084300000)
 Metaspace       used 54179K, committed 55488K, reserved 1114112K
  class space    used 5895K, committed 6464K, reserved 1048576K
}
Event: 55.134 GC heap before
{Heap before GC invocations=31 (full 2):
 PSYoungGen      total 17920K, used 17664K [0x00000000d5580000, 0x00000000d6a00000, 0x0000000100000000)
  eden space 15872K, 100% used [0x00000000d5580000,0x00000000d6500000,0x00000000d6500000)
  from space 2048K, 87% used [0x00000000d6800000,0x00000000d69c0010,0x00000000d6a00000)
  to   space 2048K, 0% used [0x00000000d6600000,0x00000000d6600000,0x00000000d6800000)
 ParOldGen       total 68608K, used 43503K [0x0000000080000000, 0x0000000084300000, 0x00000000d5580000)
  object space 68608K, 63% used [0x0000000080000000,0x0000000082a7be38,0x0000000084300000)
 Metaspace       used 54540K, committed 55872K, reserved 1114112K
  class space    used 5948K, committed 6528K, reserved 1048576K
}
Event: 55.137 GC heap after
{Heap after GC invocations=31 (full 2):
 PSYoungGen      total 17920K, used 1905K [0x00000000d5580000, 0x00000000d6900000, 0x0000000100000000)
  eden space 15872K, 0% used [0x00000000d5580000,0x00000000d5580000,0x00000000d6500000)
  from space 2048K, 93% used [0x00000000d6600000,0x00000000d67dc410,0x00000000d6800000)
  to   space 1024K, 0% used [0x00000000d6800000,0x00000000d6800000,0x00000000d6900000)
 ParOldGen       total 68608K, used 45247K [0x0000000080000000, 0x0000000084300000, 0x00000000d5580000)
  object space 68608K, 65% used [0x0000000080000000,0x0000000082c2fe48,0x0000000084300000)
 Metaspace       used 54540K, committed 55872K, reserved 1114112K
  class space    used 5948K, committed 6528K, reserved 1048576K
}
Event: 55.202 GC heap before
{Heap before GC invocations=32 (full 2):
 PSYoungGen      total 17920K, used 17777K [0x00000000d5580000, 0x00000000d6900000, 0x0000000100000000)
  eden space 15872K, 100% used [0x00000000d5580000,0x00000000d6500000,0x00000000d6500000)
  from space 2048K, 93% used [0x00000000d6600000,0x00000000d67dc410,0x00000000d6800000)
  to   space 1024K, 0% used [0x00000000d6800000,0x00000000d6800000,0x00000000d6900000)
 ParOldGen       total 68608K, used 45247K [0x0000000080000000, 0x0000000084300000, 0x00000000d5580000)
  object space 68608K, 65% used [0x0000000080000000,0x0000000082c2fe48,0x0000000084300000)
 Metaspace       used 54556K, committed 55872K, reserved 1114112K
  class space    used 5948K, committed 6528K, reserved 1048576K
}
Event: 55.206 GC heap after
{Heap after GC invocations=32 (full 2):
 PSYoungGen      total 15872K, used 994K [0x00000000d5580000, 0x00000000d6d00000, 0x0000000100000000)
  eden space 14848K, 0% used [0x00000000d5580000,0x00000000d5580000,0x00000000d6400000)
  from space 1024K, 97% used [0x00000000d6800000,0x00000000d68f8800,0x00000000d6900000)
  to   space 4096K, 0% used [0x00000000d6400000,0x00000000d6400000,0x00000000d6800000)
 ParOldGen       total 68608K, used 48009K [0x0000000080000000, 0x0000000084300000, 0x00000000d5580000)
  object space 68608K, 69% used [0x0000000080000000,0x0000000082ee24e8,0x0000000084300000)
 Metaspace       used 54556K, committed 55872K, reserved 1114112K
  class space    used 5948K, committed 6528K, reserved 1048576K
}
Event: 55.255 GC heap before
{Heap before GC invocations=33 (full 2):
 PSYoungGen      total 15872K, used 15842K [0x00000000d5580000, 0x00000000d6d00000, 0x0000000100000000)
  eden space 14848K, 100% used [0x00000000d5580000,0x00000000d6400000,0x00000000d6400000)
  from space 1024K, 97% used [0x00000000d6800000,0x00000000d68f8800,0x00000000d6900000)
  to   space 4096K, 0% used [0x00000000d6400000,0x00000000d6400000,0x00000000d6800000)
 ParOldGen       total 68608K, used 48009K [0x0000000080000000, 0x0000000084300000, 0x00000000d5580000)
  object space 68608K, 69% used [0x0000000080000000,0x0000000082ee24e8,0x0000000084300000)
 Metaspace       used 54562K, committed 55872K, reserved 1114112K
  class space    used 5948K, committed 6528K, reserved 1048576K
}
Event: 55.257 GC heap after
{Heap after GC invocations=33 (full 2):
 PSYoungGen      total 16896K, used 1668K [0x00000000d5580000, 0x00000000d6900000, 0x0000000100000000)
  eden space 14848K, 0% used [0x00000000d5580000,0x00000000d5580000,0x00000000d6400000)
  from space 2048K, 81% used [0x00000000d6400000,0x00000000d65a1000,0x00000000d6600000)
  to   space 2560K, 0% used [0x00000000d6680000,0x00000000d6680000,0x00000000d6900000)
 ParOldGen       total 68608K, used 48913K [0x0000000080000000, 0x0000000084300000, 0x00000000d5580000)
  object space 68608K, 71% used [0x0000000080000000,0x0000000082fc44e8,0x0000000084300000)
 Metaspace       used 54562K, committed 55872K, reserved 1114112K
  class space    used 5948K, committed 6528K, reserved 1048576K
}
Event: 55.291 GC heap before
{Heap before GC invocations=34 (full 2):
 PSYoungGen      total 16896K, used 16516K [0x00000000d5580000, 0x00000000d6900000, 0x0000000100000000)
  eden space 14848K, 100% used [0x00000000d5580000,0x00000000d6400000,0x00000000d6400000)
  from space 2048K, 81% used [0x00000000d6400000,0x00000000d65a1000,0x00000000d6600000)
  to   space 2560K, 0% used [0x00000000d6680000,0x00000000d6680000,0x00000000d6900000)
 ParOldGen       total 68608K, used 48913K [0x0000000080000000, 0x0000000084300000, 0x00000000d5580000)
  object space 68608K, 71% used [0x0000000080000000,0x0000000082fc44e8,0x0000000084300000)
 Metaspace       used 54564K, committed 55872K, reserved 1114112K
  class space    used 5948K, committed 6528K, reserved 1048576K
}
Event: 55.293 GC heap after
{Heap after GC invocations=34 (full 2):
 PSYoungGen      total 16896K, used 1568K [0x00000000d5580000, 0x00000000d6880000, 0x0000000100000000)
  eden space 14848K, 0% used [0x00000000d5580000,0x00000000d5580000,0x00000000d6400000)
  from space 2048K, 76% used [0x00000000d6680000,0x00000000d6808000,0x00000000d6880000)
  to   space 2048K, 0% used [0x00000000d6400000,0x00000000d6400000,0x00000000d6600000)
 ParOldGen       total 68608K, used 50465K [0x0000000080000000, 0x0000000084300000, 0x00000000d5580000)
  object space 68608K, 73% used [0x0000000080000000,0x00000000831485e8,0x0000000084300000)
 Metaspace       used 54564K, committed 55872K, reserved 1114112K
  class space    used 5948K, committed 6528K, reserved 1048576K
}
Event: 55.338 GC heap before
{Heap before GC invocations=35 (full 2):
 PSYoungGen      total 16896K, used 16416K [0x00000000d5580000, 0x00000000d6880000, 0x0000000100000000)
  eden space 14848K, 100% used [0x00000000d5580000,0x00000000d6400000,0x00000000d6400000)
  from space 2048K, 76% used [0x00000000d6680000,0x00000000d6808000,0x00000000d6880000)
  to   space 2048K, 0% used [0x00000000d6400000,0x00000000d6400000,0x00000000d6600000)
 ParOldGen       total 68608K, used 50465K [0x0000000080000000, 0x0000000084300000, 0x00000000d5580000)
  object space 68608K, 73% used [0x0000000080000000,0x00000000831485e8,0x0000000084300000)
 Metaspace       used 54587K, committed 55936K, reserved 1114112K
  class space    used 5948K, committed 6528K, reserved 1048576K
}
Event: 55.341 GC heap after
{Heap after GC invocations=35 (full 2):
 PSYoungGen      total 16896K, used 1728K [0x00000000d5580000, 0x00000000d6800000, 0x0000000100000000)
  eden space 14848K, 0% used [0x00000000d5580000,0x00000000d5580000,0x00000000d6400000)
  from space 2048K, 84% used [0x00000000d6400000,0x00000000d65b0010,0x00000000d6600000)
  to   space 2048K, 0% used [0x00000000d6600000,0x00000000d6600000,0x00000000d6800000)
 ParOldGen       total 68608K, used 51921K [0x0000000080000000, 0x0000000084300000, 0x00000000d5580000)
  object space 68608K, 75% used [0x0000000080000000,0x00000000832b45e8,0x0000000084300000)
 Metaspace       used 54587K, committed 55936K, reserved 1114112K
  class space    used 5948K, committed 6528K, reserved 1048576K
}
Event: 55.378 GC heap before
{Heap before GC invocations=36 (full 2):
 PSYoungGen      total 16896K, used 16576K [0x00000000d5580000, 0x00000000d6800000, 0x0000000100000000)
  eden space 14848K, 100% used [0x00000000d5580000,0x00000000d6400000,0x00000000d6400000)
  from space 2048K, 84% used [0x00000000d6400000,0x00000000d65b0010,0x00000000d6600000)
  to   space 2048K, 0% used [0x00000000d6600000,0x00000000d6600000,0x00000000d6800000)
 ParOldGen       total 68608K, used 51921K [0x0000000080000000, 0x0000000084300000, 0x00000000d5580000)
  object space 68608K, 75% used [0x0000000080000000,0x00000000832b45e8,0x0000000084300000)
 Metaspace       used 54598K, committed 55936K, reserved 1114112K
  class space    used 5948K, committed 6528K, reserved 1048576K
}
Event: 55.381 GC heap after
{Heap after GC invocations=36 (full 2):
 PSYoungGen      total 16896K, used 1496K [0x00000000d5580000, 0x00000000d6800000, 0x0000000100000000)
  eden space 14848K, 0% used [0x00000000d5580000,0x00000000d5580000,0x00000000d6400000)
  from space 2048K, 73% used [0x00000000d6600000,0x00000000d6776200,0x00000000d6800000)
  to   space 2048K, 0% used [0x00000000d6400000,0x00000000d6400000,0x00000000d6600000)
 ParOldGen       total 68608K, used 53553K [0x0000000080000000, 0x0000000084300000, 0x00000000d5580000)
  object space 68608K, 78% used [0x0000000080000000,0x000000008344c5f8,0x0000000084300000)
 Metaspace       used 54598K, committed 55936K, reserved 1114112K
  class space    used 5948K, committed 6528K, reserved 1048576K
}
Event: 55.563 GC heap before
{Heap before GC invocations=37 (full 2):
 PSYoungGen      total 16896K, used 16344K [0x00000000d5580000, 0x00000000d6800000, 0x0000000100000000)
  eden space 14848K, 100% used [0x00000000d5580000,0x00000000d6400000,0x00000000d6400000)
  from space 2048K, 73% used [0x00000000d6600000,0x00000000d6776200,0x00000000d6800000)
  to   space 2048K, 0% used [0x00000000d6400000,0x00000000d6400000,0x00000000d6600000)
 ParOldGen       total 68608K, used 53553K [0x0000000080000000, 0x0000000084300000, 0x00000000d5580000)
  object space 68608K, 78% used [0x0000000080000000,0x000000008344c5f8,0x0000000084300000)
 Metaspace       used 55619K, committed 56960K, reserved 1114112K
  class space    used 6066K, committed 6656K, reserved 1048576K
}
Event: 55.566 GC heap after
{Heap after GC invocations=37 (full 2):
 PSYoungGen      total 16896K, used 1600K [0x00000000d5580000, 0x00000000d6800000, 0x0000000100000000)
  eden space 14848K, 0% used [0x00000000d5580000,0x00000000d5580000,0x00000000d6400000)
  from space 2048K, 78% used [0x00000000d6400000,0x00000000d6590000,0x00000000d6600000)
  to   space 2048K, 0% used [0x00000000d6600000,0x00000000d6600000,0x00000000d6800000)
 ParOldGen       total 68608K, used 54977K [0x0000000080000000, 0x0000000084300000, 0x00000000d5580000)
  object space 68608K, 80% used [0x0000000080000000,0x00000000835b07f8,0x0000000084300000)
 Metaspace       used 55619K, committed 56960K, reserved 1114112K
  class space    used 6066K, committed 6656K, reserved 1048576K
}

