# JRE version: OpenJDK Runtime Environment Temurin-21.0.9+10 (21.0.9+10) (build 21.0.9+10-LTS)
# Java VM: OpenJDK 64-Bit Server VM Temurin-21.0.9+10 (21.0.9+10-LTS, mixed mode, sharing, tiered, compressed oops, compressed class ptrs, parallel gc, windows-amd64)
GC Precious Log:
 CardTable entry size: 512
 CPUs: 6 total, 6 available
 Memory: 16229M
 Large Page Support: Disabled
 NUMA Support: Disabled
 Compressed Oops: Enabled (32-bit)
 Alignments: Space 512K, Generation 512K, Heap 2M
 Heap Min Capacity: 100M
 Heap Initial Capacity: 100M
 Heap Max Capacity: 2G
 Pre-touch: Disabled
 Parallel Workers: 6
Heap:
 PSYoungGen      total 18432K, used 12868K [0x00000000d5580000, 0x00000000d6b00000, 0x0000000100000000)
  eden space 17408K, 69% used [0x00000000d5580000,0x00000000d61538b8,0x00000000d6680000)
  from space 1024K, 74% used [0x00000000d6a00000,0x00000000d6abd9d0,0x00000000d6b00000)
  to   space 2048K, 0% used [0x00000000d6700000,0x00000000d6700000,0x00000000d6900000)
 ParOldGen       total 68608K, used 54589K [0x0000000080000000, 0x0000000084300000, 0x00000000d5580000)
  object space 68608K, 79% used [0x0000000080000000,0x000000008354f450,0x0000000084300000)
 Metaspace       used 53427K, committed 54784K, reserved 1114112K
  class space    used 5718K, committed 6336K, reserved 1048576K
GC Heap History (20 events):
Event: 28.226 GC heap before
{Heap before GC invocations=23 (full 2):
 PSYoungGen      total 20992K, used 20863K [0x00000000d5580000, 0x00000000d7100000, 0x0000000100000000)
  eden space 18944K, 100% used [0x00000000d5580000,0x00000000d6800000,0x00000000d6800000)
  from space 2048K, 93% used [0x00000000d6f00000,0x00000000d70dfe20,0x00000000d7100000)
  to   space 2048K, 0% used [0x00000000d6a80000,0x00000000d6a80000,0x00000000d6c80000)
 ParOldGen       total 68608K, used 37577K [0x0000000080000000, 0x0000000084300000, 0x00000000d5580000)
  object space 68608K, 54% used [0x0000000080000000,0x00000000824b24a8,0x0000000084300000)
 Metaspace       used 40701K, committed 41984K, reserved 1114112K
  class space    used 4262K, committed 4800K, reserved 1048576K
}
Event: 28.229 GC heap after
{Heap after GC invocations=23 (full 2):
 PSYoungGen      total 20992K, used 1828K [0x00000000d5580000, 0x00000000d6f80000, 0x0000000100000000)
  eden space 18944K, 0% used [0x00000000d5580000,0x00000000d5580000,0x00000000d6800000)
  from space 2048K, 89% used [0x00000000d6a80000,0x00000000d6c49000,0x00000000d6c80000)
  to   space 2048K, 0% used [0x00000000d6d80000,0x00000000d6d80000,0x00000000d6f80000)
 ParOldGen       total 68608K, used 39143K [0x0000000080000000, 0x0000000084300000, 0x00000000d5580000)
  object space 68608K, 57% used [0x0000000080000000,0x0000000082639e58,0x0000000084300000)
 Metaspace       used 40701K, committed 41984K, reserved 1114112K
  class space    used 4262K, committed 4800K, reserved 1048576K
}
Event: 28.269 GC heap before
{Heap before GC invocations=24 (full 2):
 PSYoungGen      total 20992K, used 20772K [0x00000000d5580000, 0x00000000d6f80000, 0x0000000100000000)
  eden space 18944K, 100% used [0x00000000d5580000,0x00000000d6800000,0x00000000d6800000)
  from space 2048K, 89% used [0x00000000d6a80000,0x00000000d6c49000,0x00000000d6c80000)
  to   space 2048K, 0% used [0x00000000d6d80000,0x00000000d6d80000,0x00000000d6f80000)
 ParOldGen       total 68608K, used 39143K [0x0000000080000000, 0x0000000084300000, 0x00000000d5580000)
  object space 68608K, 57% used [0x0000000080000000,0x0000000082639e58,0x0000000084300000)
 Metaspace       used 40982K, committed 42176K, reserved 1114112K
  class space    used 4291K, committed 4800K, reserved 1048576K
}
Event: 28.272 GC heap after
{Heap after GC invocations=24 (full 2):
 PSYoungGen      total 20992K, used 1984K [0x00000000d5580000, 0x00000000d6f80000, 0x0000000100000000)
  eden space 18944K, 0% used [0x00000000d5580000,0x00000000d5580000,0x00000000d6800000)
  from space 2048K, 96% used [0x00000000d6d80000,0x00000000d6f70010,0x00000000d6f80000)
  to   space 2048K, 0% used [0x00000000d6a80000,0x00000000d6a80000,0x00000000d6c80000)
 ParOldGen       total 68608K, used 40847K [0x0000000080000000, 0x0000000084300000, 0x00000000d5580000)
  object space 68608K, 59% used [0x0000000080000000,0x00000000827e3f58,0x0000000084300000)
 Metaspace       used 40982K, committed 42176K, reserved 1114112K
  class space    used 4291K, committed 4800K, reserved 1048576K
}
Event: 28.309 GC heap before
{Heap before GC invocations=25 (full 2):
 PSYoungGen      total 20992K, used 20928K [0x00000000d5580000, 0x00000000d6f80000, 0x0000000100000000)
  eden space 18944K, 100% used [0x00000000d5580000,0x00000000d6800000,0x00000000d6800000)
  from space 2048K, 96% used [0x00000000d6d80000,0x00000000d6f70010,0x00000000d6f80000)
  to   space 2048K, 0% used [0x00000000d6a80000,0x00000000d6a80000,0x00000000d6c80000)
 ParOldGen       total 68608K, used 40847K [0x0000000080000000, 0x0000000084300000, 0x00000000d5580000)
  object space 68608K, 59% used [0x0000000080000000,0x00000000827e3f58,0x0000000084300000)
 Metaspace       used 41360K, committed 42560K, reserved 1114112K
  class space    used 4339K, committed 4864K, reserved 1048576K
}
Event: 28.312 GC heap after
{Heap after GC invocations=25 (full 2):
 PSYoungGen      total 20992K, used 1706K [0x00000000d5580000, 0x00000000d6e00000, 0x0000000100000000)
  eden space 18944K, 0% used [0x00000000d5580000,0x00000000d5580000,0x00000000d6800000)
  from space 2048K, 83% used [0x00000000d6a80000,0x00000000d6c2aa60,0x00000000d6c80000)
  to   space 1536K, 0% used [0x00000000d6c80000,0x00000000d6c80000,0x00000000d6e00000)
 ParOldGen       total 68608K, used 42695K [0x0000000080000000, 0x0000000084300000, 0x00000000d5580000)
  object space 68608K, 62% used [0x0000000080000000,0x00000000829b1f68,0x0000000084300000)
 Metaspace       used 41360K, committed 42560K, reserved 1114112K
  class space    used 4339K, committed 4864K, reserved 1048576K
}
Event: 28.400 GC heap before
{Heap before GC invocations=26 (full 2):
 PSYoungGen      total 20992K, used 20650K [0x00000000d5580000, 0x00000000d6e00000, 0x0000000100000000)
  eden space 18944K, 100% used [0x00000000d5580000,0x00000000d6800000,0x00000000d6800000)
  from space 2048K, 83% used [0x00000000d6a80000,0x00000000d6c2aa60,0x00000000d6c80000)
  to   space 1536K, 0% used [0x00000000d6c80000,0x00000000d6c80000,0x00000000d6e00000)
 ParOldGen       total 68608K, used 42695K [0x0000000080000000, 0x0000000084300000, 0x00000000d5580000)
  object space 68608K, 62% used [0x0000000080000000,0x00000000829b1f68,0x0000000084300000)
 Metaspace       used 41871K, committed 43072K, reserved 1114112K
  class space    used 4399K, committed 4928K, reserved 1048576K
}
Event: 28.404 GC heap after
{Heap after GC invocations=26 (full 2):
 PSYoungGen      total 20480K, used 1376K [0x00000000d5580000, 0x00000000d6e00000, 0x0000000100000000)
  eden space 18944K, 0% used [0x00000000d5580000,0x00000000d5580000,0x00000000d6800000)
  from space 1536K, 89% used [0x00000000d6c80000,0x00000000d6dd8000,0x00000000d6e00000)
  to   space 1536K, 0% used [0x00000000d6b00000,0x00000000d6b00000,0x00000000d6c80000)
 ParOldGen       total 68608K, used 44152K [0x0000000080000000, 0x0000000084300000, 0x00000000d5580000)
  object space 68608K, 64% used [0x0000000080000000,0x0000000082b1e168,0x0000000084300000)
 Metaspace       used 41871K, committed 43072K, reserved 1114112K
  class space    used 4399K, committed 4928K, reserved 1048576K
}
Event: 28.512 GC heap before
{Heap before GC invocations=27 (full 2):
 PSYoungGen      total 20480K, used 20320K [0x00000000d5580000, 0x00000000d6e00000, 0x0000000100000000)
  eden space 18944K, 100% used [0x00000000d5580000,0x00000000d6800000,0x00000000d6800000)
  from space 1536K, 89% used [0x00000000d6c80000,0x00000000d6dd8000,0x00000000d6e00000)
  to   space 1536K, 0% used [0x00000000d6b00000,0x00000000d6b00000,0x00000000d6c80000)
 ParOldGen       total 68608K, used 44152K [0x0000000080000000, 0x0000000084300000, 0x00000000d5580000)
  object space 68608K, 64% used [0x0000000080000000,0x0000000082b1e168,0x0000000084300000)
 Metaspace       used 44208K, committed 45440K, reserved 1114112K
  class space    used 4658K, committed 5184K, reserved 1048576K
}
Event: 28.514 GC heap after
{Heap after GC invocations=27 (full 2):
 PSYoungGen      total 19968K, used 944K [0x00000000d5580000, 0x00000000d6d00000, 0x0000000100000000)
  eden space 18944K, 0% used [0x00000000d5580000,0x00000000d5580000,0x00000000d6800000)
  from space 1024K, 92% used [0x00000000d6b00000,0x00000000d6bec010,0x00000000d6c00000)
  to   space 1024K, 0% used [0x00000000d6c00000,0x00000000d6c00000,0x00000000d6d00000)
 ParOldGen       total 68608K, used 45365K [0x0000000080000000, 0x0000000084300000, 0x00000000d5580000)
  object space 68608K, 66% used [0x0000000080000000,0x0000000082c4d4c0,0x0000000084300000)
 Metaspace       used 44208K, committed 45440K, reserved 1114112K
  class space    used 4658K, committed 5184K, reserved 1048576K
}
Event: 28.658 GC heap before
{Heap before GC invocations=28 (full 2):
 PSYoungGen      total 19968K, used 19888K [0x00000000d5580000, 0x00000000d6d00000, 0x0000000100000000)
  eden space 18944K, 100% used [0x00000000d5580000,0x00000000d6800000,0x00000000d6800000)
  from space 1024K, 92% used [0x00000000d6b00000,0x00000000d6bec010,0x00000000d6c00000)
  to   space 1024K, 0% used [0x00000000d6c00000,0x00000000d6c00000,0x00000000d6d00000)
 ParOldGen       total 68608K, used 45365K [0x0000000080000000, 0x0000000084300000, 0x00000000d5580000)
  object space 68608K, 66% used [0x0000000080000000,0x0000000082c4d4c0,0x0000000084300000)
 Metaspace       used 46217K, committed 47488K, reserved 1114112K
  class space    used 4903K, committed 5440K, reserved 1048576K
}
Event: 28.660 GC heap after
{Heap after GC invocations=28 (full 2):
 PSYoungGen      total 19968K, used 1019K [0x00000000d5580000, 0x00000000d6d00000, 0x0000000100000000)
  eden space 18944K, 0% used [0x00000000d5580000,0x00000000d5580000,0x00000000d6800000)
  from space 1024K, 99% used [0x00000000d6c00000,0x00000000d6cfee68,0x00000000d6d00000)
  to   space 2048K, 0% used [0x00000000d6900000,0x00000000d6900000,0x00000000d6b00000)
 ParOldGen       total 68608K, used 46104K [0x0000000080000000, 0x0000000084300000, 0x00000000d5580000)
  object space 68608K, 67% used [0x0000000080000000,0x0000000082d061b0,0x0000000084300000)
 Metaspace       used 46217K, committed 47488K, reserved 1114112K
  class space    used 4903K, committed 5440K, reserved 1048576K
}
Event: 28.827 GC heap before
{Heap before GC invocations=29 (full 2):
 PSYoungGen      total 19968K, used 19963K [0x00000000d5580000, 0x00000000d6d00000, 0x0000000100000000)
  eden space 18944K, 100% used [0x00000000d5580000,0x00000000d6800000,0x00000000d6800000)
  from space 1024K, 99% used [0x00000000d6c00000,0x00000000d6cfee68,0x00000000d6d00000)
  to   space 2048K, 0% used [0x00000000d6900000,0x00000000d6900000,0x00000000d6b00000)
 ParOldGen       total 68608K, used 46104K [0x0000000080000000, 0x0000000084300000, 0x00000000d5580000)
  object space 68608K, 67% used [0x0000000080000000,0x0000000082d061d0,0x0000000084300000)
 Metaspace       used 47741K, committed 49088K, reserved 1114112K
  class space    used 5126K, committed 5696K, reserved 1048576K
}
Event: 28.829 GC heap after
{Heap after GC invocations=29 (full 2):
 PSYoungGen      total 20992K, used 832K [0x00000000d5580000, 0x00000000d6c80000, 0x0000000100000000)
  eden space 18944K, 0% used [0x00000000d5580000,0x00000000d5580000,0x00000000d6800000)
  from space 2048K, 40% used [0x00000000d6900000,0x00000000d69d0000,0x00000000d6b00000)
  to   space 1536K, 0% used [0x00000000d6b00000,0x00000000d6b00000,0x00000000d6c80000)
 ParOldGen       total 68608K, used 47023K [0x0000000080000000, 0x0000000084300000, 0x00000000d5580000)
  object space 68608K, 68% used [0x0000000080000000,0x0000000082debf70,0x0000000084300000)
 Metaspace       used 47741K, committed 49088K, reserved 1114112K
  class space    used 5126K, committed 5696K, reserved 1048576K
}
Event: 29.104 GC heap before
{Heap before GC invocations=30 (full 2):
 PSYoungGen      total 20992K, used 19776K [0x00000000d5580000, 0x00000000d6c80000, 0x0000000100000000)
  eden space 18944K, 100% used [0x00000000d5580000,0x00000000d6800000,0x00000000d6800000)
  from space 2048K, 40% used [0x00000000d6900000,0x00000000d69d0000,0x00000000d6b00000)
  to   space 1536K, 0% used [0x00000000d6b00000,0x00000000d6b00000,0x00000000d6c80000)
 ParOldGen       total 68608K, used 47026K [0x0000000080000000, 0x0000000084300000, 0x00000000d5580000)
  object space 68608K, 68% used [0x0000000080000000,0x0000000082dec8c0,0x0000000084300000)
 Metaspace       used 49301K, committed 50560K, reserved 1114112K
  class space    used 5319K, committed 5888K, reserved 1048576K
}
Event: 29.105 GC heap after
{Heap after GC invocations=30 (full 2):
 PSYoungGen      total 19968K, used 960K [0x00000000d5580000, 0x00000000d6c00000, 0x0000000100000000)
  eden space 18944K, 0% used [0x00000000d5580000,0x00000000d5580000,0x00000000d6800000)
  from space 1024K, 93% used [0x00000000d6b00000,0x00000000d6bf0010,0x00000000d6c00000)
  to   space 1024K, 0% used [0x00000000d6a00000,0x00000000d6a00000,0x00000000d6b00000)
 ParOldGen       total 68608K, used 47713K [0x0000000080000000, 0x0000000084300000, 0x00000000d5580000)
  object space 68608K, 69% used [0x0000000080000000,0x0000000082e98600,0x0000000084300000)
 Metaspace       used 49301K, committed 50560K, reserved 1114112K
  class space    used 5319K, committed 5888K, reserved 1048576K
}
Event: 29.245 GC heap before
{Heap before GC invocations=31 (full 2):
 PSYoungGen      total 19968K, used 19904K [0x00000000d5580000, 0x00000000d6c00000, 0x0000000100000000)
  eden space 18944K, 100% used [0x00000000d5580000,0x00000000d6800000,0x00000000d6800000)
  from space 1024K, 93% used [0x00000000d6b00000,0x00000000d6bf0010,0x00000000d6c00000)
  to   space 1024K, 0% used [0x00000000d6a00000,0x00000000d6a00000,0x00000000d6b00000)
 ParOldGen       total 68608K, used 47713K [0x0000000080000000, 0x0000000084300000, 0x00000000d5580000)
  object space 68608K, 69% used [0x0000000080000000,0x0000000082e98600,0x0000000084300000)
 Metaspace       used 50848K, committed 52160K, reserved 1114112K
  class space    used 5516K, committed 6080K, reserved 1048576K
}
Event: 29.247 GC heap after
{Heap after GC invocations=31 (full 2):
 PSYoungGen      total 19968K, used 768K [0x00000000d5580000, 0x00000000d6b80000, 0x0000000100000000)
  eden space 18944K, 0% used [0x00000000d5580000,0x00000000d5580000,0x00000000d6800000)
  from space 1024K, 75% used [0x00000000d6a00000,0x00000000d6ac0010,0x00000000d6b00000)
  to   space 512K, 0% used [0x00000000d6b00000,0x00000000d6b00000,0x00000000d6b80000)
 ParOldGen       total 68608K, used 48437K [0x0000000080000000, 0x0000000084300000, 0x00000000d5580000)
  object space 68608K, 70% used [0x0000000080000000,0x0000000082f4d610,0x0000000084300000)
 Metaspace       used 50848K, committed 52160K, reserved 1114112K
  class space    used 5516K, committed 6080K, reserved 1048576K
}
Event: 31.087 GC heap before
{Heap before GC invocations=32 (full 2):
 PSYoungGen      total 19968K, used 19712K [0x00000000d5580000, 0x00000000d6b80000, 0x0000000100000000)
  eden space 18944K, 100% used [0x00000000d5580000,0x00000000d6800000,0x00000000d6800000)
  from space 1024K, 75% used [0x00000000d6a00000,0x00000000d6ac0010,0x00000000d6b00000)
  to   space 512K, 0% used [0x00000000d6b00000,0x00000000d6b00000,0x00000000d6b80000)
 ParOldGen       total 68608K, used 48437K [0x0000000080000000, 0x0000000084300000, 0x00000000d5580000)
  object space 68608K, 70% used [0x0000000080000000,0x0000000082f4d610,0x0000000084300000)
 Metaspace       used 52244K, committed 53568K, reserved 1114112K
  class space    used 5670K, committed 6208K, reserved 1048576K
}
Event: 31.091 GC heap after
{Heap after GC invocations=32 (full 2):
 PSYoungGen      total 17920K, used 507K [0x00000000d5580000, 0x00000000d7100000, 0x0000000100000000)
  eden space 17408K, 0% used [0x00000000d5580000,0x00000000d5580000,0x00000000d6680000)
  from space 512K, 99% used [0x00000000d6b00000,0x00000000d6b7ecb0,0x00000000d6b80000)
  to   space 4608K, 0% used [0x00000000d6680000,0x00000000d6680000,0x00000000d6b00000)
 ParOldGen       total 68608K, used 51812K [0x0000000080000000, 0x0000000084300000, 0x00000000d5580000)
  object space 68608K, 75% used [0x0000000080000000,0x0000000083299130,0x0000000084300000)
 Metaspace       used 52244K, committed 53568K, reserved 1114112K
  class space    used 5670K, committed 6208K, reserved 1048576K
}

